<?xml version="1.0" encoding="UTF-8"?>
<!-- Generated by org.testng.reporters.JUnitXMLReporter -->
<testsuite ignored="0" hostname="DESKTOP-SJKFD0B" failures="0" tests="1" name="Test_Edge" time="12.808" errors="0" timestamp="2022-07-05T18:53:17 IST">
  <testcase classname="Com.Utility.BaseClass" name="@AfterMethod tearDown" time="0.001">
    <failure type="java.lang.NullPointerException" message="Cannot invoke &amp;quot;org.openqa.selenium.WebDriver.quit()&amp;quot; because &amp;quot;Com.Utility.BaseClass.driver&amp;quot; is null">
      <![CDATA[java.lang.NullPointerException: Cannot invoke "org.openqa.selenium.WebDriver.quit()" because "Com.Utility.BaseClass.driver" is null
at Com.Utility.BaseClass.tearDown(BaseClass.java:47)
at java.base/java.util.ArrayList.forEach(ArrayList.java:1511)
... Removed 32 stack frames]]>
    </failure>
  </testcase> <!-- @AfterMethod tearDown -->
  <testcase classname="Com.LoginTest.Test_001" name="verifyloginpage" time="0.006"/>
</testsuite> <!-- Test_Edge -->
